e:\year 2\paul\directx lighting\directx mess about\dx11 framework 2017\debug\dx11 framework.res
e:\year 2\paul\directx manager\directx mess about\dx11 framework 2017\debug\dx11 framework.res
e:\year 2\paul\directx lighting\directx mess about\dx11 framework 2017\debug\vc141.pdb
e:\year 2\paul\directx lighting\directx mess about\dx11 framework 2017\debug\vc141.idb
e:\year 2\paul\directx lighting\directx mess about\dx11 framework 2017\debug\treenode.obj
e:\year 2\paul\directx lighting\directx mess about\dx11 framework 2017\debug\gameobjectmanager.obj
e:\year 2\paul\directx lighting\directx mess about\dx11 framework 2017\debug\gameobject.obj
e:\year 2\paul\directx lighting\directx mess about\dx11 framework 2017\debug\objtest.obj
e:\year 2\paul\directx lighting\directx mess about\dx11 framework 2017\debug\modelloader2.obj
e:\year 2\paul\directx lighting\directx mess about\dx11 framework 2017\debug\modelloader.obj
e:\year 2\paul\directx lighting\directx mess about\dx11 framework 2017\debug\dx11 framework.obj
e:\year 2\paul\directx lighting\directx mess about\dx11 framework 2017\debug\application.obj
e:\year 2\paul\directx manager\directx mess about\dx11 framework 2017\debug\vc141.pdb
e:\year 2\paul\directx manager\directx mess about\dx11 framework 2017\debug\vc141.idb
e:\year 2\paul\directx manager\directx mess about\dx11 framework 2017\debug\treenode.obj
e:\year 2\paul\directx manager\directx mess about\dx11 framework 2017\debug\objtest.obj
e:\year 2\paul\directx manager\directx mess about\dx11 framework 2017\debug\modelloader2.obj
e:\year 2\paul\directx manager\directx mess about\dx11 framework 2017\debug\modelloader.obj
e:\year 2\paul\directx manager\directx mess about\dx11 framework 2017\debug\gameobjectmanager.obj
e:\year 2\paul\directx manager\directx mess about\dx11 framework 2017\debug\gameobject.obj
e:\year 2\paul\directx manager\directx mess about\dx11 framework 2017\debug\dx11 framework.obj
e:\year 2\paul\directx manager\directx mess about\dx11 framework 2017\debug\application.obj
e:\year 2\paul\directx lighting\directx mess about\dx11 framework 2017\debug\dx11 framework.exe
e:\year 2\paul\directx lighting\directx mess about\dx11 framework 2017\debug\dx11 framework.ilk
e:\year 2\paul\directx lighting\directx mess about\dx11 framework 2017\debug\dx11 framework.pdb
e:\year 2\paul\directx manager\directx mess about\dx11 framework 2017\debug\dx11 framework.exe
e:\year 2\paul\directx manager\directx mess about\dx11 framework 2017\debug\dx11 framework.ilk
e:\year 2\paul\directx manager\directx mess about\dx11 framework 2017\debug\dx11 framework.pdb
e:\year 2\paul\directx manager\directx mess about\dx11 framework 2017\debug\vc140.idb
e:\year 2\paul\directx manager\directx mess about\dx11 framework 2017\debug\vc140.pdb
e:\year 2\paul\directx manager\directx mess about\dx11 framework 2017\debug\dx11 framework.tlog\cl.command.1.tlog
e:\year 2\paul\directx manager\directx mess about\dx11 framework 2017\debug\dx11 framework.tlog\link.command.1.tlog
e:\year 2\paul\directx manager\directx mess about\dx11 framework 2017\debug\dx11 framework.tlog\rc.command.1.tlog
e:\year 2\paul\directx manager\directx mess about\dx11 framework 2017\debug\dx11 framework.tlog\link.read.1.tlog
e:\year 2\paul\directx manager\directx mess about\dx11 framework 2017\debug\dx11 framework.tlog\rc.read.1.tlog
e:\year 2\paul\directx manager\directx mess about\dx11 framework 2017\debug\dx11 framework.tlog\cl.read.1.tlog
e:\year 2\paul\directx manager\directx mess about\dx11 framework 2017\debug\dx11 framework.tlog\rc.write.1.tlog
e:\year 2\paul\directx manager\directx mess about\dx11 framework 2017\debug\dx11 framework.tlog\cl.write.1.tlog
e:\year 2\paul\directx manager\directx mess about\dx11 framework 2017\debug\dx11 framework.tlog\link.write.1.tlog
